<?xml version="1.0" encoding="UTF-8"?>
<coverage generated="1534691495176" clover="3.2.0">
  <project timestamp="1534691495176" name="All files">
    <metrics statements="58" coveredstatements="53" conditionals="14" coveredconditionals="14" methods="27" coveredmethods="22" elements="99" coveredelements="89" complexity="0" loc="58" ncloc="58" packages="6" files="12" classes="12">
      <package name="minimal-react-webpack-babel-setup">
        <metrics statements="1" coveredstatements="1" conditionals="0" coveredconditionals="0" methods="0" coveredmethods="0"/>
        <file name="setupTests.js" path="/Users/robpaddock/react/minimal-react-webpack-babel-setup/setupTests.js">
          <metrics statements="1" coveredstatements="1" conditionals="0" coveredconditionals="0" methods="0" coveredmethods="0"/>
          <line num="1" count="6" type="stmt"/>
        </file>
      </package>
      <package name="minimal-react-webpack-babel-setup.src.actions">
        <metrics statements="18" coveredstatements="15" conditionals="0" coveredconditionals="0" methods="16" coveredmethods="13"/>
        <file name="genres.js" path="/Users/robpaddock/react/minimal-react-webpack-babel-setup/src/actions/genres.js">
          <metrics statements="7" coveredstatements="6" conditionals="0" coveredconditionals="0" methods="6" coveredmethods="5"/>
          <line num="5" count="1" type="stmt"/>
          <line num="9" count="1" type="stmt"/>
          <line num="13" count="1" type="stmt"/>
          <line num="14" count="1" type="stmt"/>
          <line num="15" count="1" type="stmt"/>
          <line num="18" count="1" type="stmt"/>
          <line num="21" count="0" type="stmt"/>
        </file>
        <file name="movie.js" path="/Users/robpaddock/react/minimal-react-webpack-babel-setup/src/actions/movie.js">
          <metrics statements="8" coveredstatements="7" conditionals="0" coveredconditionals="0" methods="7" coveredmethods="6"/>
          <line num="5" count="1" type="stmt"/>
          <line num="9" count="1" type="stmt"/>
          <line num="13" count="1" type="stmt"/>
          <line num="17" count="1" type="stmt"/>
          <line num="18" count="1" type="stmt"/>
          <line num="19" count="1" type="stmt"/>
          <line num="22" count="1" type="stmt"/>
          <line num="25" count="0" type="stmt"/>
        </file>
        <file name="user.js" path="/Users/robpaddock/react/minimal-react-webpack-babel-setup/src/actions/user.js">
          <metrics statements="3" coveredstatements="2" conditionals="0" coveredconditionals="0" methods="3" coveredmethods="2"/>
          <line num="4" count="1" type="stmt"/>
          <line num="8" count="1" type="stmt"/>
          <line num="12" count="0" type="stmt"/>
        </file>
      </package>
      <package name="minimal-react-webpack-babel-setup.src.api">
        <metrics statements="8" coveredstatements="6" conditionals="0" coveredconditionals="0" methods="6" coveredmethods="4"/>
        <file name="moviesApi.js" path="/Users/robpaddock/react/minimal-react-webpack-babel-setup/src/api/moviesApi.js">
          <metrics statements="8" coveredstatements="6" conditionals="0" coveredconditionals="0" methods="6" coveredmethods="4"/>
          <line num="6" count="1" type="stmt"/>
          <line num="9" count="1" type="stmt"/>
          <line num="10" count="1" type="stmt"/>
          <line num="12" count="0" type="stmt"/>
          <line num="17" count="1" type="stmt"/>
          <line num="20" count="1" type="stmt"/>
          <line num="21" count="1" type="stmt"/>
          <line num="23" count="0" type="stmt"/>
        </file>
      </package>
      <package name="minimal-react-webpack-babel-setup.src.api.mocks">
        <metrics statements="2" coveredstatements="2" conditionals="0" coveredconditionals="0" methods="0" coveredmethods="0"/>
        <file name="genres-mocks.js" path="/Users/robpaddock/react/minimal-react-webpack-babel-setup/src/api/mocks/genres-mocks.js">
          <metrics statements="1" coveredstatements="1" conditionals="0" coveredconditionals="0" methods="0" coveredmethods="0"/>
          <line num="1" count="1" type="stmt"/>
        </file>
        <file name="movie-mocks.js" path="/Users/robpaddock/react/minimal-react-webpack-babel-setup/src/api/mocks/movie-mocks.js">
          <metrics statements="1" coveredstatements="1" conditionals="0" coveredconditionals="0" methods="0" coveredmethods="0"/>
          <line num="1" count="1" type="stmt"/>
        </file>
      </package>
      <package name="minimal-react-webpack-babel-setup.src.constants">
        <metrics statements="10" coveredstatements="10" conditionals="0" coveredconditionals="0" methods="0" coveredmethods="0"/>
        <file name="actionTypes.js" path="/Users/robpaddock/react/minimal-react-webpack-babel-setup/src/constants/actionTypes.js">
          <metrics statements="7" coveredstatements="7" conditionals="0" coveredconditionals="0" methods="0" coveredmethods="0"/>
          <line num="1" count="6" type="stmt"/>
          <line num="2" count="6" type="stmt"/>
          <line num="3" count="6" type="stmt"/>
          <line num="4" count="6" type="stmt"/>
          <line num="5" count="6" type="stmt"/>
          <line num="6" count="6" type="stmt"/>
          <line num="7" count="6" type="stmt"/>
        </file>
        <file name="apiPaths.js" path="/Users/robpaddock/react/minimal-react-webpack-babel-setup/src/constants/apiPaths.js">
          <metrics statements="3" coveredstatements="3" conditionals="0" coveredconditionals="0" methods="0" coveredmethods="0"/>
          <line num="1" count="2" type="stmt"/>
          <line num="2" count="2" type="stmt"/>
          <line num="3" count="2" type="stmt"/>
        </file>
      </package>
      <package name="minimal-react-webpack-babel-setup.src.reducers">
        <metrics statements="19" coveredstatements="19" conditionals="14" coveredconditionals="14" methods="5" coveredmethods="5"/>
        <file name="genres.js" path="/Users/robpaddock/react/minimal-react-webpack-babel-setup/src/reducers/genres.js">
          <metrics statements="4" coveredstatements="4" conditionals="4" coveredconditionals="4" methods="1" coveredmethods="1"/>
          <line num="5" count="3" type="cond" truecount="3" falsecount="0"/>
          <line num="8" count="1" type="stmt"/>
          <line num="14" count="1" type="stmt"/>
          <line num="21" count="1" type="stmt"/>
        </file>
        <file name="movies.js" path="/Users/robpaddock/react/minimal-react-webpack-babel-setup/src/reducers/movies.js">
          <metrics statements="4" coveredstatements="4" conditionals="4" coveredconditionals="4" methods="1" coveredmethods="1"/>
          <line num="5" count="3" type="cond" truecount="3" falsecount="0"/>
          <line num="8" count="1" type="stmt"/>
          <line num="14" count="1" type="stmt"/>
          <line num="25" count="1" type="stmt"/>
        </file>
        <file name="user.js" path="/Users/robpaddock/react/minimal-react-webpack-babel-setup/src/reducers/user.js">
          <metrics statements="11" coveredstatements="11" conditionals="6" coveredconditionals="6" methods="3" coveredmethods="3"/>
          <line num="3" count="1" type="stmt"/>
          <line num="10" count="4" type="cond" truecount="3" falsecount="0"/>
          <line num="13" count="2" type="stmt"/>
          <line num="16" count="2" type="stmt"/>
          <line num="17" count="2" type="cond" truecount="2" falsecount="0"/>
          <line num="18" count="1" type="stmt"/>
          <line num="19" count="1" type="stmt"/>
          <line num="20" count="1" type="stmt"/>
          <line num="22" count="2" type="stmt"/>
          <line num="28" count="1" type="stmt"/>
          <line num="34" count="1" type="stmt"/>
        </file>
      </package>
    </metrics>
  </project>
</coverage>
