{"/Users/robpaddock/react/minimal-react-webpack-babel-setup/setupTests.js": {"path":"/Users/robpaddock/react/minimal-react-webpack-babel-setup/setupTests.js","statementMap":{"0":{"start":{"line":1,"column":0},"end":{"line":1,"column":41}}},"fnMap":{},"branchMap":{},"s":{"0":6},"f":{},"b":{},"_coverageSchema":"332fd63041d2c1bcb487cc26dd0d5f7d97098a6c","hash":"7c874dfc42868f9321170a6604186fde72dbe4e8"}
,"/Users/robpaddock/react/minimal-react-webpack-babel-setup/src/actions/genres.js": {"path":"/Users/robpaddock/react/minimal-react-webpack-babel-setup/src/actions/genres.js","statementMap":{"0":{"start":{"line":5,"column":2},"end":{"line":5,"column":43}},"1":{"start":{"line":9,"column":2},"end":{"line":9,"column":69}},"2":{"start":{"line":13,"column":2},"end":{"line":23,"column":4}},"3":{"start":{"line":14,"column":4},"end":{"line":14,"column":36}},"4":{"start":{"line":15,"column":4},"end":{"line":22,"column":9}},"5":{"start":{"line":18,"column":8},"end":{"line":18,"column":49}},"6":{"start":{"line":21,"column":8},"end":{"line":21,"column":20}}},"fnMap":{"0":{"name":"loadMovieGenrsStart","decl":{"start":{"line":4,"column":16},"end":{"line":4,"column":35}},"loc":{"start":{"line":4,"column":38},"end":{"line":6,"column":1}},"line":4},"1":{"name":"loadMovieGenresSuccess","decl":{"start":{"line":8,"column":16},"end":{"line":8,"column":38}},"loc":{"start":{"line":8,"column":47},"end":{"line":10,"column":1}},"line":8},"2":{"name":"loadMovieGenres","decl":{"start":{"line":12,"column":16},"end":{"line":12,"column":31}},"loc":{"start":{"line":12,"column":34},"end":{"line":24,"column":1}},"line":12},"3":{"name":"(anonymous_3)","decl":{"start":{"line":13,"column":9},"end":{"line":13,"column":10}},"loc":{"start":{"line":13,"column":21},"end":{"line":23,"column":3}},"line":13},"4":{"name":"(anonymous_4)","decl":{"start":{"line":17,"column":12},"end":{"line":17,"column":13}},"loc":{"start":{"line":17,"column":22},"end":{"line":19,"column":7}},"line":17},"5":{"name":"(anonymous_5)","decl":{"start":{"line":20,"column":13},"end":{"line":20,"column":14}},"loc":{"start":{"line":20,"column":22},"end":{"line":22,"column":7}},"line":20}},"branchMap":{},"s":{"0":1,"1":1,"2":1,"3":1,"4":1,"5":1,"6":0},"f":{"0":1,"1":1,"2":1,"3":1,"4":1,"5":0},"b":{},"_coverageSchema":"332fd63041d2c1bcb487cc26dd0d5f7d97098a6c","hash":"e6b10b875f7699f1e11b35c3f1b3d7333fc2f87a"}
,"/Users/robpaddock/react/minimal-react-webpack-babel-setup/src/actions/movie.js": {"path":"/Users/robpaddock/react/minimal-react-webpack-babel-setup/src/actions/movie.js","statementMap":{"0":{"start":{"line":5,"column":2},"end":{"line":5,"column":37}},"1":{"start":{"line":9,"column":2},"end":{"line":9,"column":62}},"2":{"start":{"line":13,"column":2},"end":{"line":13,"column":54}},"3":{"start":{"line":17,"column":2},"end":{"line":27,"column":4}},"4":{"start":{"line":18,"column":4},"end":{"line":18,"column":32}},"5":{"start":{"line":19,"column":6},"end":{"line":26,"column":11}},"6":{"start":{"line":22,"column":10},"end":{"line":22,"column":46}},"7":{"start":{"line":25,"column":10},"end":{"line":25,"column":22}}},"fnMap":{"0":{"name":"loadMoviesStart","decl":{"start":{"line":4,"column":16},"end":{"line":4,"column":31}},"loc":{"start":{"line":4,"column":33},"end":{"line":6,"column":1}},"line":4},"1":{"name":"loadMoviesSuccess","decl":{"start":{"line":8,"column":16},"end":{"line":8,"column":33}},"loc":{"start":{"line":8,"column":42},"end":{"line":10,"column":1}},"line":8},"2":{"name":"filterByGenre","decl":{"start":{"line":12,"column":16},"end":{"line":12,"column":29}},"loc":{"start":{"line":12,"column":34},"end":{"line":14,"column":1}},"line":12},"3":{"name":"loadMovies","decl":{"start":{"line":16,"column":16},"end":{"line":16,"column":26}},"loc":{"start":{"line":16,"column":29},"end":{"line":28,"column":1}},"line":16},"4":{"name":"(anonymous_4)","decl":{"start":{"line":17,"column":9},"end":{"line":17,"column":10}},"loc":{"start":{"line":17,"column":21},"end":{"line":27,"column":3}},"line":17},"5":{"name":"(anonymous_5)","decl":{"start":{"line":21,"column":14},"end":{"line":21,"column":15}},"loc":{"start":{"line":21,"column":24},"end":{"line":23,"column":9}},"line":21},"6":{"name":"(anonymous_6)","decl":{"start":{"line":24,"column":15},"end":{"line":24,"column":16}},"loc":{"start":{"line":24,"column":24},"end":{"line":26,"column":9}},"line":24}},"branchMap":{},"s":{"0":1,"1":1,"2":1,"3":1,"4":1,"5":1,"6":1,"7":0},"f":{"0":1,"1":1,"2":1,"3":1,"4":1,"5":1,"6":0},"b":{},"_coverageSchema":"332fd63041d2c1bcb487cc26dd0d5f7d97098a6c","hash":"702902763aeab0408511a16dbbda9268c05b89ad"}
,"/Users/robpaddock/react/minimal-react-webpack-babel-setup/src/actions/user.js": {"path":"/Users/robpaddock/react/minimal-react-webpack-babel-setup/src/actions/user.js","statementMap":{"0":{"start":{"line":4,"column":2},"end":{"line":4,"column":63}},"1":{"start":{"line":8,"column":2},"end":{"line":8,"column":68}},"2":{"start":{"line":12,"column":2},"end":{"line":12,"column":68}}},"fnMap":{"0":{"name":"selectMoviesByGenre","decl":{"start":{"line":3,"column":16},"end":{"line":3,"column":35}},"loc":{"start":{"line":3,"column":44},"end":{"line":5,"column":1}},"line":3},"1":{"name":"selectMoviesByRating","decl":{"start":{"line":7,"column":16},"end":{"line":7,"column":36}},"loc":{"start":{"line":7,"column":45},"end":{"line":9,"column":1}},"line":7},"2":{"name":"selectMoviesByPopularity","decl":{"start":{"line":11,"column":16},"end":{"line":11,"column":40}},"loc":{"start":{"line":11,"column":43},"end":{"line":13,"column":1}},"line":11}},"branchMap":{},"s":{"0":1,"1":1,"2":0},"f":{"0":1,"1":1,"2":0},"b":{},"_coverageSchema":"332fd63041d2c1bcb487cc26dd0d5f7d97098a6c","hash":"bb3c80623b812652fb43e5475f47f6e5fb0da99c"}
,"/Users/robpaddock/react/minimal-react-webpack-babel-setup/src/api/moviesApi.js": {"path":"/Users/robpaddock/react/minimal-react-webpack-babel-setup/src/api/moviesApi.js","statementMap":{"0":{"start":{"line":6,"column":22},"end":{"line":8,"column":8}},"1":{"start":{"line":9,"column":6},"end":{"line":13,"column":9}},"2":{"start":{"line":10,"column":8},"end":{"line":10,"column":30}},"3":{"start":{"line":12,"column":8},"end":{"line":12,"column":20}},"4":{"start":{"line":17,"column":22},"end":{"line":19,"column":8}},"5":{"start":{"line":20,"column":6},"end":{"line":24,"column":9}},"6":{"start":{"line":21,"column":8},"end":{"line":21,"column":30}},"7":{"start":{"line":23,"column":8},"end":{"line":23,"column":20}}},"fnMap":{"0":{"name":"(anonymous_0)","decl":{"start":{"line":5,"column":2},"end":{"line":5,"column":3}},"loc":{"start":{"line":5,"column":24},"end":{"line":14,"column":5}},"line":5},"1":{"name":"(anonymous_1)","decl":{"start":{"line":9,"column":33},"end":{"line":9,"column":34}},"loc":{"start":{"line":9,"column":45},"end":{"line":11,"column":7}},"line":9},"2":{"name":"(anonymous_2)","decl":{"start":{"line":11,"column":15},"end":{"line":11,"column":16}},"loc":{"start":{"line":11,"column":24},"end":{"line":13,"column":7}},"line":11},"3":{"name":"(anonymous_3)","decl":{"start":{"line":16,"column":4},"end":{"line":16,"column":5}},"loc":{"start":{"line":16,"column":31},"end":{"line":25,"column":5}},"line":16},"4":{"name":"(anonymous_4)","decl":{"start":{"line":20,"column":33},"end":{"line":20,"column":34}},"loc":{"start":{"line":20,"column":45},"end":{"line":22,"column":7}},"line":20},"5":{"name":"(anonymous_5)","decl":{"start":{"line":22,"column":15},"end":{"line":22,"column":16}},"loc":{"start":{"line":22,"column":24},"end":{"line":24,"column":7}},"line":22}},"branchMap":{},"s":{"0":1,"1":1,"2":1,"3":0,"4":1,"5":1,"6":1,"7":0},"f":{"0":1,"1":1,"2":0,"3":1,"4":1,"5":0},"b":{},"_coverageSchema":"332fd63041d2c1bcb487cc26dd0d5f7d97098a6c","hash":"f018a9f97162fbc2f362c652c7569b320bcd79e5"}
,"/Users/robpaddock/react/minimal-react-webpack-babel-setup/src/api/mocks/genres-mocks.js": {"path":"/Users/robpaddock/react/minimal-react-webpack-babel-setup/src/api/mocks/genres-mocks.js","statementMap":{"0":{"start":{"line":1,"column":20},"end":{"line":80,"column":1}}},"fnMap":{},"branchMap":{},"s":{"0":1},"f":{},"b":{},"_coverageSchema":"332fd63041d2c1bcb487cc26dd0d5f7d97098a6c","hash":"9c1e9cf3b7ec975ee01fdfb7a6ea601e9c36863c"}
,"/Users/robpaddock/react/minimal-react-webpack-babel-setup/src/api/mocks/movie-mocks.js": {"path":"/Users/robpaddock/react/minimal-react-webpack-babel-setup/src/api/mocks/movie-mocks.js","statementMap":{"0":{"start":{"line":1,"column":20},"end":{"line":349,"column":1}}},"fnMap":{},"branchMap":{},"s":{"0":1},"f":{},"b":{},"_coverageSchema":"332fd63041d2c1bcb487cc26dd0d5f7d97098a6c","hash":"14bc4d3a37a8f353187227567a6c41126905540e"}
,"/Users/robpaddock/react/minimal-react-webpack-babel-setup/src/constants/actionTypes.js": {"path":"/Users/robpaddock/react/minimal-react-webpack-babel-setup/src/constants/actionTypes.js","statementMap":{"0":{"start":{"line":1,"column":27},"end":{"line":1,"column":40}},"1":{"start":{"line":2,"column":35},"end":{"line":2,"column":56}},"2":{"start":{"line":3,"column":33},"end":{"line":3,"column":53}},"3":{"start":{"line":4,"column":42},"end":{"line":4,"column":70}},"4":{"start":{"line":5,"column":31},"end":{"line":5,"column":48}},"5":{"start":{"line":6,"column":36},"end":{"line":6,"column":58}},"6":{"start":{"line":7,"column":41},"end":{"line":7,"column":68}}},"fnMap":{},"branchMap":{},"s":{"0":6,"1":6,"2":6,"3":6,"4":6,"5":6,"6":6},"f":{},"b":{},"_coverageSchema":"332fd63041d2c1bcb487cc26dd0d5f7d97098a6c","hash":"d6645e3dec1bc71ad98b89b681a84d4a9c004dfd"}
,"/Users/robpaddock/react/minimal-react-webpack-babel-setup/src/constants/apiPaths.js": {"path":"/Users/robpaddock/react/minimal-react-webpack-babel-setup/src/constants/apiPaths.js","statementMap":{"0":{"start":{"line":1,"column":24},"end":{"line":1,"column":52}},"1":{"start":{"line":2,"column":30},"end":{"line":2,"column":73}},"2":{"start":{"line":3,"column":29},"end":{"line":3,"column":63}}},"fnMap":{},"branchMap":{},"s":{"0":2,"1":2,"2":2},"f":{},"b":{},"_coverageSchema":"332fd63041d2c1bcb487cc26dd0d5f7d97098a6c","hash":"55cd83d758b6d08dd136219a771a19101673f320"}
,"/Users/robpaddock/react/minimal-react-webpack-babel-setup/src/reducers/genres.js": {"path":"/Users/robpaddock/react/minimal-react-webpack-babel-setup/src/reducers/genres.js","statementMap":{"0":{"start":{"line":5,"column":2},"end":{"line":24,"column":3}},"1":{"start":{"line":8,"column":6},"end":{"line":11,"column":7}},"2":{"start":{"line":14,"column":6},"end":{"line":18,"column":7}},"3":{"start":{"line":21,"column":6},"end":{"line":23,"column":7}}},"fnMap":{"0":{"name":"genresReducer","decl":{"start":{"line":3,"column":24},"end":{"line":3,"column":37}},"loc":{"start":{"line":3,"column":85},"end":{"line":25,"column":1}},"line":3}},"branchMap":{"0":{"loc":{"start":{"line":3,"column":38},"end":{"line":3,"column":75}},"type":"default-arg","locations":[{"start":{"line":3,"column":46},"end":{"line":3,"column":75}}],"line":3},"1":{"loc":{"start":{"line":5,"column":2},"end":{"line":24,"column":3}},"type":"switch","locations":[{"start":{"line":7,"column":4},"end":{"line":11,"column":7}},{"start":{"line":13,"column":4},"end":{"line":18,"column":7}},{"start":{"line":20,"column":4},"end":{"line":23,"column":7}}],"line":5}},"s":{"0":3,"1":1,"2":1,"3":1},"f":{"0":3},"b":{"0":[2],"1":[1,1,1]},"_coverageSchema":"332fd63041d2c1bcb487cc26dd0d5f7d97098a6c","hash":"06f3488ab5a73e8448b369cf5a83acd472049f77"}
,"/Users/robpaddock/react/minimal-react-webpack-babel-setup/src/reducers/movies.js": {"path":"/Users/robpaddock/react/minimal-react-webpack-babel-setup/src/reducers/movies.js","statementMap":{"0":{"start":{"line":5,"column":2},"end":{"line":28,"column":3}},"1":{"start":{"line":8,"column":6},"end":{"line":11,"column":7}},"2":{"start":{"line":14,"column":6},"end":{"line":22,"column":7}},"3":{"start":{"line":25,"column":6},"end":{"line":27,"column":7}}},"fnMap":{"0":{"name":"moviesReducer","decl":{"start":{"line":3,"column":24},"end":{"line":3,"column":37}},"loc":{"start":{"line":3,"column":148},"end":{"line":31,"column":1}},"line":3}},"branchMap":{"0":{"loc":{"start":{"line":3,"column":38},"end":{"line":3,"column":138}},"type":"default-arg","locations":[{"start":{"line":3,"column":46},"end":{"line":3,"column":138}}],"line":3},"1":{"loc":{"start":{"line":5,"column":2},"end":{"line":28,"column":3}},"type":"switch","locations":[{"start":{"line":7,"column":4},"end":{"line":11,"column":7}},{"start":{"line":13,"column":4},"end":{"line":22,"column":7}},{"start":{"line":24,"column":4},"end":{"line":27,"column":7}}],"line":5}},"s":{"0":3,"1":1,"2":1,"3":1},"f":{"0":3},"b":{"0":[2],"1":[1,1,1]},"_coverageSchema":"332fd63041d2c1bcb487cc26dd0d5f7d97098a6c","hash":"deae1dc875b9c1930adc81902bafb57f3d3b9c68"}
,"/Users/robpaddock/react/minimal-react-webpack-babel-setup/src/reducers/user.js": {"path":"/Users/robpaddock/react/minimal-react-webpack-babel-setup/src/reducers/user.js","statementMap":{"0":{"start":{"line":3,"column":21},"end":{"line":6,"column":1}},"1":{"start":{"line":10,"column":2},"end":{"line":37,"column":3}},"2":{"start":{"line":13,"column":6},"end":{"line":25,"column":7}},"3":{"start":{"line":16,"column":24},"end":{"line":16,"column":69}},"4":{"start":{"line":17,"column":10},"end":{"line":23,"column":11}},"5":{"start":{"line":18,"column":35},"end":{"line":18,"column":60}},"6":{"start":{"line":19,"column":12},"end":{"line":19,"column":48}},"7":{"start":{"line":20,"column":12},"end":{"line":20,"column":39}},"8":{"start":{"line":22,"column":12},"end":{"line":22,"column":75}},"9":{"start":{"line":22,"column":53},"end":{"line":22,"column":74}},"10":{"start":{"line":28,"column":6},"end":{"line":31,"column":7}},"11":{"start":{"line":34,"column":6},"end":{"line":36,"column":7}}},"fnMap":{"0":{"name":"userReducer","decl":{"start":{"line":8,"column":24},"end":{"line":8,"column":35}},"loc":{"start":{"line":8,"column":66},"end":{"line":38,"column":1}},"line":8},"1":{"name":"(anonymous_1)","decl":{"start":{"line":15,"column":25},"end":{"line":15,"column":26}},"loc":{"start":{"line":15,"column":31},"end":{"line":24,"column":9}},"line":15},"2":{"name":"(anonymous_2)","decl":{"start":{"line":22,"column":47},"end":{"line":22,"column":48}},"loc":{"start":{"line":22,"column":53},"end":{"line":22,"column":74}},"line":22}},"branchMap":{"0":{"loc":{"start":{"line":8,"column":36},"end":{"line":8,"column":56}},"type":"default-arg","locations":[{"start":{"line":8,"column":44},"end":{"line":8,"column":56}}],"line":8},"1":{"loc":{"start":{"line":10,"column":2},"end":{"line":37,"column":3}},"type":"switch","locations":[{"start":{"line":12,"column":4},"end":{"line":25,"column":7}},{"start":{"line":27,"column":4},"end":{"line":31,"column":7}},{"start":{"line":33,"column":4},"end":{"line":36,"column":7}}],"line":10},"2":{"loc":{"start":{"line":17,"column":10},"end":{"line":23,"column":11}},"type":"if","locations":[{"start":{"line":17,"column":10},"end":{"line":23,"column":11}},{"start":{"line":17,"column":10},"end":{"line":23,"column":11}}],"line":17}},"s":{"0":1,"1":4,"2":2,"3":2,"4":2,"5":1,"6":1,"7":1,"8":1,"9":2,"10":1,"11":1},"f":{"0":4,"1":2,"2":2},"b":{"0":[2],"1":[2,1,1],"2":[1,1]},"_coverageSchema":"332fd63041d2c1bcb487cc26dd0d5f7d97098a6c","hash":"b46e81294f268b0213e18bfa088310b9e9a81262"}
}
