TN:
SF:/Users/robpaddock/react/minimal-react-webpack-babel-setup/setupTests.js
FNF:0
FNH:0
DA:1,6
LF:1
LH:1
BRF:0
BRH:0
end_of_record
TN:
SF:/Users/robpaddock/react/minimal-react-webpack-babel-setup/src/actions/genres.js
FN:4,loadMovieGenrsStart
FN:8,loadMovieGenresSuccess
FN:12,loadMovieGenres
FN:13,(anonymous_3)
FN:17,(anonymous_4)
FN:20,(anonymous_5)
FNF:6
FNH:5
FNDA:1,loadMovieGenrsStart
FNDA:1,loadMovieGenresSuccess
FNDA:1,loadMovieGenres
FNDA:1,(anonymous_3)
FNDA:1,(anonymous_4)
FNDA:0,(anonymous_5)
DA:5,1
DA:9,1
DA:13,1
DA:14,1
DA:15,1
DA:18,1
DA:21,0
LF:7
LH:6
BRF:0
BRH:0
end_of_record
TN:
SF:/Users/robpaddock/react/minimal-react-webpack-babel-setup/src/actions/movie.js
FN:4,loadMoviesStart
FN:8,loadMoviesSuccess
FN:12,filterByGenre
FN:16,loadMovies
FN:17,(anonymous_4)
FN:21,(anonymous_5)
FN:24,(anonymous_6)
FNF:7
FNH:6
FNDA:1,loadMoviesStart
FNDA:1,loadMoviesSuccess
FNDA:1,filterByGenre
FNDA:1,loadMovies
FNDA:1,(anonymous_4)
FNDA:1,(anonymous_5)
FNDA:0,(anonymous_6)
DA:5,1
DA:9,1
DA:13,1
DA:17,1
DA:18,1
DA:19,1
DA:22,1
DA:25,0
LF:8
LH:7
BRF:0
BRH:0
end_of_record
TN:
SF:/Users/robpaddock/react/minimal-react-webpack-babel-setup/src/actions/user.js
FN:3,selectMoviesByGenre
FN:7,selectMoviesByRating
FN:11,selectMoviesByPopularity
FNF:3
FNH:2
FNDA:1,selectMoviesByGenre
FNDA:1,selectMoviesByRating
FNDA:0,selectMoviesByPopularity
DA:4,1
DA:8,1
DA:12,0
LF:3
LH:2
BRF:0
BRH:0
end_of_record
TN:
SF:/Users/robpaddock/react/minimal-react-webpack-babel-setup/src/api/moviesApi.js
FN:5,(anonymous_0)
FN:9,(anonymous_1)
FN:11,(anonymous_2)
FN:16,(anonymous_3)
FN:20,(anonymous_4)
FN:22,(anonymous_5)
FNF:6
FNH:4
FNDA:1,(anonymous_0)
FNDA:1,(anonymous_1)
FNDA:0,(anonymous_2)
FNDA:1,(anonymous_3)
FNDA:1,(anonymous_4)
FNDA:0,(anonymous_5)
DA:6,1
DA:9,1
DA:10,1
DA:12,0
DA:17,1
DA:20,1
DA:21,1
DA:23,0
LF:8
LH:6
BRF:0
BRH:0
end_of_record
TN:
SF:/Users/robpaddock/react/minimal-react-webpack-babel-setup/src/api/mocks/genres-mocks.js
FNF:0
FNH:0
DA:1,1
LF:1
LH:1
BRF:0
BRH:0
end_of_record
TN:
SF:/Users/robpaddock/react/minimal-react-webpack-babel-setup/src/api/mocks/movie-mocks.js
FNF:0
FNH:0
DA:1,1
LF:1
LH:1
BRF:0
BRH:0
end_of_record
TN:
SF:/Users/robpaddock/react/minimal-react-webpack-babel-setup/src/constants/actionTypes.js
FNF:0
FNH:0
DA:1,6
DA:2,6
DA:3,6
DA:4,6
DA:5,6
DA:6,6
DA:7,6
LF:7
LH:7
BRF:0
BRH:0
end_of_record
TN:
SF:/Users/robpaddock/react/minimal-react-webpack-babel-setup/src/constants/apiPaths.js
FNF:0
FNH:0
DA:1,2
DA:2,2
DA:3,2
LF:3
LH:3
BRF:0
BRH:0
end_of_record
TN:
SF:/Users/robpaddock/react/minimal-react-webpack-babel-setup/src/reducers/genres.js
FN:3,genresReducer
FNF:1
FNH:1
FNDA:3,genresReducer
DA:5,3
DA:8,1
DA:14,1
DA:21,1
LF:4
LH:4
BRDA:3,0,0,2
BRDA:5,1,0,1
BRDA:5,1,1,1
BRDA:5,1,2,1
BRF:4
BRH:4
end_of_record
TN:
SF:/Users/robpaddock/react/minimal-react-webpack-babel-setup/src/reducers/movies.js
FN:3,moviesReducer
FNF:1
FNH:1
FNDA:3,moviesReducer
DA:5,3
DA:8,1
DA:14,1
DA:25,1
LF:4
LH:4
BRDA:3,0,0,2
BRDA:5,1,0,1
BRDA:5,1,1,1
BRDA:5,1,2,1
BRF:4
BRH:4
end_of_record
TN:
SF:/Users/robpaddock/react/minimal-react-webpack-babel-setup/src/reducers/user.js
FN:8,userReducer
FN:15,(anonymous_1)
FN:22,(anonymous_2)
FNF:3
FNH:3
FNDA:4,userReducer
FNDA:2,(anonymous_1)
FNDA:2,(anonymous_2)
DA:3,1
DA:10,4
DA:13,2
DA:16,2
DA:17,2
DA:18,1
DA:19,1
DA:20,1
DA:22,2
DA:28,1
DA:34,1
LF:11
LH:11
BRDA:8,0,0,2
BRDA:10,1,0,2
BRDA:10,1,1,1
BRDA:10,1,2,1
BRDA:17,2,0,1
BRDA:17,2,1,1
BRF:6
BRH:6
end_of_record
